<?xml version="1.0" encoding="UTF-8"?>
<TestRun id="5035337d-1d88-422b-b89f-6fb2edc420fb" name="Administrator@CWZMDVYC4YBCNKM 2012-04-20 21:33:56" runUser="CWZMDVYC4YBCNKM\Administrator" xmlns="http://microsoft.com/schemas/VisualStudio/TeamTest/2010">
  <TestSettings name="本地" id="98cbbc40-6270-48b5-8bf9-038477e53bc9">
    <Description>这些设置为本地测试运行的默认测试设置。</Description>
    <Deployment enabled="false" runDeploymentRoot="Administrator_CWZMDVYC4YBCNKM 2012-04-20 21_33_56" />
    <Execution>
      <TestTypeSpecific />
      <AgentRule name="Execution Agents">
      </AgentRule>
    </Execution>
  </TestSettings>
  <Times creation="2012-04-20T21:33:56.5820312+08:00" queuing="2012-04-20T21:33:58.7402343+08:00" start="2012-04-20T21:33:58.8007812+08:00" finish="2012-04-20T21:33:59.1113281+08:00" />
  <ResultSummary outcome="Failed">
    <Counters total="3" executed="3" passed="2" error="0" failed="1" timeout="0" aborted="0" inconclusive="0" passedButRunAborted="0" notRunnable="0" notExecuted="0" disconnected="0" warning="0" completed="0" inProgress="0" pending="0" />
  </ResultSummary>
  <TestDefinitions>
    <UnitTest name="testOnesSpare" storage="f:\vs2010\程序\vc++\testproject1\testproject1\bin\debug\testproject1.dll" id="c16d1df8-f4f7-9522-133d-f41bd5ee0ffa">
      <Execution id="38b4b90d-f04b-4411-9e27-e97ae8391e57" />
      <TestMethod codeBase="F:/vs2010/程序/VC++/TestProject1/TestProject1/bin/Debug/TestProject1.DLL" adapterTypeName="Microsoft.VisualStudio.TestTools.TestTypes.Unit.UnitTestAdapter, Microsoft.VisualStudio.QualityTools.Tips.UnitTest.Adapter, Version=10.0.0.0, Culture=neutral, PublicKeyToken=b03f5f7f11d50a3a" className="TestProject1.BowlingGameTest, TestProject1, Version=1.0.0.0, Culture=neutral, PublicKeyToken=null" name="testOnesSpare" />
    </UnitTest>
    <UnitTest name="TestAllOnes" storage="f:\vs2010\程序\vc++\testproject1\testproject1\bin\debug\testproject1.dll" id="89cff6c8-ba74-cf25-375e-1b2299d52cbc">
      <Execution id="24546e1a-111c-46ef-af46-ef9d1f96386c" />
      <TestMethod codeBase="F:/vs2010/程序/VC++/TestProject1/TestProject1/bin/Debug/TestProject1.DLL" adapterTypeName="Microsoft.VisualStudio.TestTools.TestTypes.Unit.UnitTestAdapter, Microsoft.VisualStudio.QualityTools.Tips.UnitTest.Adapter, Version=10.0.0.0, Culture=neutral, PublicKeyToken=b03f5f7f11d50a3a" className="TestProject1.BowlingGameTest, TestProject1, Version=1.0.0.0, Culture=neutral, PublicKeyToken=null" name="TestAllOnes" />
    </UnitTest>
    <UnitTest name="testGutterGame" storage="f:\vs2010\程序\vc++\testproject1\testproject1\bin\debug\testproject1.dll" id="55ccdebc-df2a-5a01-d218-59861d93c8e1">
      <Execution id="1320e884-bdba-4d38-a668-3574436f7c4c" />
      <TestMethod codeBase="F:/vs2010/程序/VC++/TestProject1/TestProject1/bin/Debug/TestProject1.DLL" adapterTypeName="Microsoft.VisualStudio.TestTools.TestTypes.Unit.UnitTestAdapter, Microsoft.VisualStudio.QualityTools.Tips.UnitTest.Adapter, Version=10.0.0.0, Culture=neutral, PublicKeyToken=b03f5f7f11d50a3a" className="TestProject1.BowlingGameTest, TestProject1, Version=1.0.0.0, Culture=neutral, PublicKeyToken=null" name="testGutterGame" />
    </UnitTest>
  </TestDefinitions>
  <TestLists>
    <TestList name="列表中未列出的结果" id="8c84fa94-04c1-424b-9868-57a2d4851a1d" />
    <TestList name="所有已加载的结果" id="19431567-8539-422a-85d7-44ee4e166bda" />
  </TestLists>
  <TestEntries>
    <TestEntry testId="55ccdebc-df2a-5a01-d218-59861d93c8e1" executionId="1320e884-bdba-4d38-a668-3574436f7c4c" testListId="8c84fa94-04c1-424b-9868-57a2d4851a1d" />
    <TestEntry testId="89cff6c8-ba74-cf25-375e-1b2299d52cbc" executionId="24546e1a-111c-46ef-af46-ef9d1f96386c" testListId="8c84fa94-04c1-424b-9868-57a2d4851a1d" />
    <TestEntry testId="c16d1df8-f4f7-9522-133d-f41bd5ee0ffa" executionId="38b4b90d-f04b-4411-9e27-e97ae8391e57" testListId="8c84fa94-04c1-424b-9868-57a2d4851a1d" />
  </TestEntries>
  <Results>
    <UnitTestResult executionId="1320e884-bdba-4d38-a668-3574436f7c4c" testId="55ccdebc-df2a-5a01-d218-59861d93c8e1" testName="testGutterGame" computerName="CWZMDVYC4YBCNKM" duration="00:00:00.0132520" startTime="2012-04-20T21:33:58.8085937+08:00" endTime="2012-04-20T21:33:59.0322265+08:00" testType="13cdc9d9-ddb5-4fa4-a97d-d965ccfc6d4b" outcome="Passed" testListId="8c84fa94-04c1-424b-9868-57a2d4851a1d" relativeResultsDirectory="1320e884-bdba-4d38-a668-3574436f7c4c">
    </UnitTestResult>
    <UnitTestResult executionId="24546e1a-111c-46ef-af46-ef9d1f96386c" testId="89cff6c8-ba74-cf25-375e-1b2299d52cbc" testName="TestAllOnes" computerName="CWZMDVYC4YBCNKM" duration="00:00:00.0038055" startTime="2012-04-20T21:33:59.0458984+08:00" endTime="2012-04-20T21:33:59.0576171+08:00" testType="13cdc9d9-ddb5-4fa4-a97d-d965ccfc6d4b" outcome="Passed" testListId="8c84fa94-04c1-424b-9868-57a2d4851a1d" relativeResultsDirectory="24546e1a-111c-46ef-af46-ef9d1f96386c">
    </UnitTestResult>
    <UnitTestResult executionId="38b4b90d-f04b-4411-9e27-e97ae8391e57" testId="c16d1df8-f4f7-9522-133d-f41bd5ee0ffa" testName="testOnesSpare" computerName="CWZMDVYC4YBCNKM" duration="00:00:00.0217729" startTime="2012-04-20T21:33:59.0605468+08:00" endTime="2012-04-20T21:33:59.0937500+08:00" testType="13cdc9d9-ddb5-4fa4-a97d-d965ccfc6d4b" outcome="Failed" testListId="8c84fa94-04c1-424b-9868-57a2d4851a1d" relativeResultsDirectory="38b4b90d-f04b-4411-9e27-e97ae8391e57">
      <Output>
        <ErrorInfo>
          <Message>Assert.AreEqual 失败。应为: &lt;16&gt;，实际为: &lt;17&gt;。</Message>
          <StackTrace>   在 TestProject1.BowlingGameTest.testOnesSpare() 位置 F:\vs2010\程序\VC++\TestProject1\TestProject1\BowlingGameTest.cs:行号 80
</StackTrace>
        </ErrorInfo>
      </Output>
    </UnitTestResult>
  </Results>
</TestRun>