<?xml version="1.0" encoding="UTF-8"?>
<TestRun id="ac47df69-16e2-41fe-bf29-f450256de7ef" name="Administrator@CWZMDVYC4YBCNKM 2012-04-20 22:03:16" runUser="CWZMDVYC4YBCNKM\Administrator" xmlns="http://microsoft.com/schemas/VisualStudio/TeamTest/2010">
  <TestSettings name="本地" id="98cbbc40-6270-48b5-8bf9-038477e53bc9">
    <Description>这些设置为本地测试运行的默认测试设置。</Description>
    <Deployment enabled="false" runDeploymentRoot="Administrator_CWZMDVYC4YBCNKM 2012-04-20 22_03_16" />
    <Execution>
      <TestTypeSpecific />
      <AgentRule name="Execution Agents">
      </AgentRule>
    </Execution>
  </TestSettings>
  <Times creation="2012-04-20T22:03:16.4228515+08:00" queuing="2012-04-20T22:03:17.4443359+08:00" start="2012-04-20T22:03:17.4687500+08:00" finish="2012-04-20T22:03:17.7294921+08:00" />
  <ResultSummary outcome="Completed">
    <Counters total="1" executed="1" passed="1" error="0" failed="0" timeout="0" aborted="0" inconclusive="0" passedButRunAborted="0" notRunnable="0" notExecuted="0" disconnected="0" warning="0" completed="0" inProgress="0" pending="0" />
  </ResultSummary>
  <TestDefinitions>
    <UnitTest name="TestSampleGame" storage="f:\vs2010\程序\vc++\testproject1\testproject1\bin\debug\testproject1.dll" id="71c02dc7-9421-bab0-16b2-d6ac8643634e">
      <Execution id="de4f8731-8bca-49bd-a2b7-e588dc6657d5" />
      <TestMethod codeBase="F:/vs2010/程序/VC++/TestProject1/TestProject1/bin/Debug/TestProject1.DLL" adapterTypeName="Microsoft.VisualStudio.TestTools.TestTypes.Unit.UnitTestAdapter, Microsoft.VisualStudio.QualityTools.Tips.UnitTest.Adapter, Version=10.0.0.0, Culture=neutral, PublicKeyToken=b03f5f7f11d50a3a" className="TestProject1.BowlingGameTest, TestProject1, Version=1.0.0.0, Culture=neutral, PublicKeyToken=null" name="TestSampleGame" />
    </UnitTest>
  </TestDefinitions>
  <TestLists>
    <TestList name="列表中未列出的结果" id="8c84fa94-04c1-424b-9868-57a2d4851a1d" />
    <TestList name="所有已加载的结果" id="19431567-8539-422a-85d7-44ee4e166bda" />
  </TestLists>
  <TestEntries>
    <TestEntry testId="71c02dc7-9421-bab0-16b2-d6ac8643634e" executionId="de4f8731-8bca-49bd-a2b7-e588dc6657d5" testListId="8c84fa94-04c1-424b-9868-57a2d4851a1d" />
  </TestEntries>
  <Results>
    <UnitTestResult executionId="de4f8731-8bca-49bd-a2b7-e588dc6657d5" testId="71c02dc7-9421-bab0-16b2-d6ac8643634e" testName="TestSampleGame" computerName="CWZMDVYC4YBCNKM" duration="00:00:00.0130463" startTime="2012-04-20T22:03:17.4707031+08:00" endTime="2012-04-20T22:03:17.7001953+08:00" testType="13cdc9d9-ddb5-4fa4-a97d-d965ccfc6d4b" outcome="Passed" testListId="8c84fa94-04c1-424b-9868-57a2d4851a1d" relativeResultsDirectory="de4f8731-8bca-49bd-a2b7-e588dc6657d5">
    </UnitTestResult>
  </Results>
</TestRun>