<?xml version="1.0" encoding="UTF-8"?>
<TestRun id="60ab62d9-b696-402c-9e29-03e40e117bd3" name="Administrator@CWZMDVYC4YBCNKM 2012-04-20 21:54:27" runUser="CWZMDVYC4YBCNKM\Administrator" xmlns="http://microsoft.com/schemas/VisualStudio/TeamTest/2010">
  <TestSettings name="本地" id="98cbbc40-6270-48b5-8bf9-038477e53bc9">
    <Description>这些设置为本地测试运行的默认测试设置。</Description>
    <Deployment enabled="false" runDeploymentRoot="Administrator_CWZMDVYC4YBCNKM 2012-04-20 21_54_27" />
    <Execution>
      <TestTypeSpecific />
      <AgentRule name="Execution Agents">
      </AgentRule>
    </Execution>
  </TestSettings>
  <Times creation="2012-04-20T21:54:27.6210937+08:00" queuing="2012-04-20T21:54:28.6669921+08:00" start="2012-04-20T21:54:28.7070312+08:00" finish="2012-04-20T21:54:29.0048828+08:00" />
  <ResultSummary outcome="Completed">
    <Counters total="3" executed="3" passed="3" error="0" failed="0" timeout="0" aborted="0" inconclusive="0" passedButRunAborted="0" notRunnable="0" notExecuted="0" disconnected="0" warning="0" completed="0" inProgress="0" pending="0" />
  </ResultSummary>
  <TestDefinitions>
    <UnitTest name="testOnesSpare" storage="f:\vs2010\程序\vc++\testproject1\testproject1\bin\debug\testproject1.dll" id="c16d1df8-f4f7-9522-133d-f41bd5ee0ffa">
      <Execution id="9f788d2c-89e6-4efc-90ba-68594fcc60e4" />
      <TestMethod codeBase="F:/vs2010/程序/VC++/TestProject1/TestProject1/bin/Debug/TestProject1.DLL" adapterTypeName="Microsoft.VisualStudio.TestTools.TestTypes.Unit.UnitTestAdapter, Microsoft.VisualStudio.QualityTools.Tips.UnitTest.Adapter, Version=10.0.0.0, Culture=neutral, PublicKeyToken=b03f5f7f11d50a3a" className="TestProject1.BowlingGameTest, TestProject1, Version=1.0.0.0, Culture=neutral, PublicKeyToken=null" name="testOnesSpare" />
    </UnitTest>
    <UnitTest name="TestAllOnes" storage="f:\vs2010\程序\vc++\testproject1\testproject1\bin\debug\testproject1.dll" id="89cff6c8-ba74-cf25-375e-1b2299d52cbc">
      <Execution id="d8f5fe5a-2814-4fc8-850d-69c012f06aeb" />
      <TestMethod codeBase="F:/vs2010/程序/VC++/TestProject1/TestProject1/bin/Debug/TestProject1.DLL" adapterTypeName="Microsoft.VisualStudio.TestTools.TestTypes.Unit.UnitTestAdapter, Microsoft.VisualStudio.QualityTools.Tips.UnitTest.Adapter, Version=10.0.0.0, Culture=neutral, PublicKeyToken=b03f5f7f11d50a3a" className="TestProject1.BowlingGameTest, TestProject1, Version=1.0.0.0, Culture=neutral, PublicKeyToken=null" name="TestAllOnes" />
    </UnitTest>
    <UnitTest name="testGutterGame" storage="f:\vs2010\程序\vc++\testproject1\testproject1\bin\debug\testproject1.dll" id="55ccdebc-df2a-5a01-d218-59861d93c8e1">
      <Execution id="2ca7228a-df20-4a57-9232-96abebf8ade7" />
      <TestMethod codeBase="F:/vs2010/程序/VC++/TestProject1/TestProject1/bin/Debug/TestProject1.DLL" adapterTypeName="Microsoft.VisualStudio.TestTools.TestTypes.Unit.UnitTestAdapter, Microsoft.VisualStudio.QualityTools.Tips.UnitTest.Adapter, Version=10.0.0.0, Culture=neutral, PublicKeyToken=b03f5f7f11d50a3a" className="TestProject1.BowlingGameTest, TestProject1, Version=1.0.0.0, Culture=neutral, PublicKeyToken=null" name="testGutterGame" />
    </UnitTest>
  </TestDefinitions>
  <TestLists>
    <TestList name="列表中未列出的结果" id="8c84fa94-04c1-424b-9868-57a2d4851a1d" />
    <TestList name="所有已加载的结果" id="19431567-8539-422a-85d7-44ee4e166bda" />
  </TestLists>
  <TestEntries>
    <TestEntry testId="55ccdebc-df2a-5a01-d218-59861d93c8e1" executionId="2ca7228a-df20-4a57-9232-96abebf8ade7" testListId="8c84fa94-04c1-424b-9868-57a2d4851a1d" />
    <TestEntry testId="89cff6c8-ba74-cf25-375e-1b2299d52cbc" executionId="d8f5fe5a-2814-4fc8-850d-69c012f06aeb" testListId="8c84fa94-04c1-424b-9868-57a2d4851a1d" />
    <TestEntry testId="c16d1df8-f4f7-9522-133d-f41bd5ee0ffa" executionId="9f788d2c-89e6-4efc-90ba-68594fcc60e4" testListId="8c84fa94-04c1-424b-9868-57a2d4851a1d" />
  </TestEntries>
  <Results>
    <UnitTestResult executionId="2ca7228a-df20-4a57-9232-96abebf8ade7" testId="55ccdebc-df2a-5a01-d218-59861d93c8e1" testName="testGutterGame" computerName="CWZMDVYC4YBCNKM" duration="00:00:00.0131329" startTime="2012-04-20T21:54:28.7080078+08:00" endTime="2012-04-20T21:54:28.9375000+08:00" testType="13cdc9d9-ddb5-4fa4-a97d-d965ccfc6d4b" outcome="Passed" testListId="8c84fa94-04c1-424b-9868-57a2d4851a1d" relativeResultsDirectory="2ca7228a-df20-4a57-9232-96abebf8ade7">
    </UnitTestResult>
    <UnitTestResult executionId="d8f5fe5a-2814-4fc8-850d-69c012f06aeb" testId="89cff6c8-ba74-cf25-375e-1b2299d52cbc" testName="TestAllOnes" computerName="CWZMDVYC4YBCNKM" duration="00:00:00.0010220" startTime="2012-04-20T21:54:28.9511718+08:00" endTime="2012-04-20T21:54:28.9667968+08:00" testType="13cdc9d9-ddb5-4fa4-a97d-d965ccfc6d4b" outcome="Passed" testListId="8c84fa94-04c1-424b-9868-57a2d4851a1d" relativeResultsDirectory="d8f5fe5a-2814-4fc8-850d-69c012f06aeb">
    </UnitTestResult>
    <UnitTestResult executionId="9f788d2c-89e6-4efc-90ba-68594fcc60e4" testId="c16d1df8-f4f7-9522-133d-f41bd5ee0ffa" testName="testOnesSpare" computerName="CWZMDVYC4YBCNKM" duration="00:00:00.0003508" startTime="2012-04-20T21:54:28.9794921+08:00" endTime="2012-04-20T21:54:28.9873046+08:00" testType="13cdc9d9-ddb5-4fa4-a97d-d965ccfc6d4b" outcome="Passed" testListId="8c84fa94-04c1-424b-9868-57a2d4851a1d" relativeResultsDirectory="9f788d2c-89e6-4efc-90ba-68594fcc60e4">
    </UnitTestResult>
  </Results>
</TestRun>